WifiCarController/app/build/outputs/logs/manifest-merger-debug-report.txt
-- Merging decision tree log ---
manifest
ADDED from src/main/AndroidManifest.xml:2:1-47:12
	package
		ADDED from src/main/AndroidManifest.xml:3:5-44
		INJECTED from src/main/AndroidManifest.xml
		INJECTED from src/main/AndroidManifest.xml
	android:versionName
		ADDED from src/main/AndroidManifest.xml:5:5-30
		INJECTED from src/main/AndroidManifest.xml
		INJECTED from src/main/AndroidManifest.xml
	android:versionCode
		ADDED from src/main/AndroidManifest.xml:4:5-28
		INJECTED from src/main/AndroidManifest.xml
		INJECTED from src/main/AndroidManifest.xml
	xmlns:android
		ADDED from src/main/AndroidManifest.xml:2:11-69
uses-permission#android.permission.INTERNET
ADDED from src/main/AndroidManifest.xml:6:5-67
	android:name
		ADDED from src/main/AndroidManifest.xml:6:22-64
uses-permission#android.permission.ACCESS_NETWORK_STATE
ADDED from src/main/AndroidManifest.xml:7:2-76
	android:name
		ADDED from src/main/AndroidManifest.xml:7:19-73
uses-sdk
ADDED from src/main/AndroidManifest.xml:8:5-10:41
	android:targetSdkVersion
		ADDED from src/main/AndroidManifest.xml:10:9-38
		INJECTED from src/main/AndroidManifest.xml
		INJECTED from src/main/AndroidManifest.xml
	android:minSdkVersion
		ADDED from src/main/AndroidManifest.xml:9:9-34
		INJECTED from src/main/AndroidManifest.xml
		INJECTED from src/main/AndroidManifest.xml
application
ADDED from src/main/AndroidManifest.xml:12:5-45:19
	android:label
		ADDED from src/main/AndroidManifest.xml:15:9-41
	android:allowBackup
		ADDED from src/main/AndroidManifest.xml:13:9-35
	android:icon
		ADDED from src/main/AndroidManifest.xml:14:9-45
	android:theme
		ADDED from src/main/AndroidManifest.xml:16:9-40
activity#com.mutasim.wificarcontroller.Intro
ADDED from src/main/AndroidManifest.xml:17:9-26:20
	android:label
		ADDED from src/main/AndroidManifest.xml:21:13-45
	android:configChanges
		ADDED from src/main/AndroidManifest.xml:19:13-51
	android:theme
		ADDED from src/main/AndroidManifest.xml:20:13-71
	android:name
		ADDED from src/main/AndroidManifest.xml:18:13-63
intent-filter#android.intent.action.MAIN+android.intent.category.LAUNCHER
ADDED from src/main/AndroidManifest.xml:22:13-25:29
action#android.intent.action.MAIN
ADDED from src/main/AndroidManifest.xml:23:17-69
	android:name
		ADDED from src/main/AndroidManifest.xml:23:25-66
category#android.intent.category.LAUNCHER
ADDED from src/main/AndroidManifest.xml:24:17-77
	android:name
		ADDED from src/main/AndroidManifest.xml:24:27-74
activity#com.mutasim.wificarcontroller.Main
ADDED from src/main/AndroidManifest.xml:27:9-35:20
	android:label
		ADDED from src/main/AndroidManifest.xml:31:13-45
	android:configChanges
		ADDED from src/main/AndroidManifest.xml:29:4-51
	android:theme
		ADDED from src/main/AndroidManifest.xml:30:13-71
	android:name
		ADDED from src/main/AndroidManifest.xml:28:13-62
intent-filter#android.intent.action.MAIN
ADDED from src/main/AndroidManifest.xml:32:13-34:29
activity#com.mutasim.wificarcontroller.About
ADDED from src/main/AndroidManifest.xml:36:17-44:20
	android:label
		ADDED from src/main/AndroidManifest.xml:40:13-45
	android:configChanges
		ADDED from src/main/AndroidManifest.xml:38:13-51
	android:theme
		ADDED from src/main/AndroidManifest.xml:39:13-71
	android:name
		ADDED from src/main/AndroidManifest.xml:37:13-63